[    1626ms] [ERROR] Access to XMLHttpRequest at 'https://track.venatusmedia.com/pageload/track' from origin 'https://optifine.net' has been blocked by CORS policy: Response to preflight request doesn't pass access control check: No 'Access-Control-Allow-Origin' header is present on the requested resource. @ https://optifine.net/adloadx?f=OptiFine_1.20.4_HD_U_I7.jar:0
[    1627ms] [ERROR] Failed to load resource: net::ERR_FAILED @ https://track.venatusmedia.com/pageload/track:0
[    2980ms] [ERROR] Access to fetch at 'https://sync.intentiq.com/profiles_engine/ProfilesEngineServlet?at=20&mi=10&secure=1&dpi=786374107&iiqidtype=2&iiqpcid=c5d9f133-703d-4ac8-b850-1f6ea1f11683&iiqpciddate=1779326335288&tsrnd=85_1779326335296&jsver=0.35&uh=%7B%220%22%3A%22%5C%22Not)A%3BBrand%5C%22%3Bv%3D%5C%228%5C%22%2C%20%5C%22Chromium%5C%22%3Bv%3D%5C%22138%5C%22%2C%20%5C%22Google%20Chrome%5C%22%3Bv%3D%5C%22138%5C%22%22%2C%221%22%3A%22%3F0%22%2C%222%22%3A%22%5C%22Windows%5C%22%22%2C%223%22%3A%22%5C%22x86%5C%22%22%2C%224%22%3A%22%5C%2264%5C%22%22%2C%226%22%3A%22%5C%2220.0.0%5C%22%22%2C%227%22%3A%22%3F0%22%2C%228%22%3A%22%5C%22Not)A%3BBrand%5C%22%3Bv%3D%5C%228.0.0.0%5C%22%2C%20%5C%22Chromium%5C%22%3Bv%3D%5C%22138.0.7204.184%5C%22%2C%20%5C%22Google%20Chrome%5C%22%3Bv%3D%5C%22138.0.7204.184%5C%22%22%7D&vrref=https%3A%2F%2Foptifine.net&gdpr=0&source=pbjs' from origin 'https://optifine.net' has been blocked by CORS policy: No 'Access-Control-Allow-Origin' header is present on the requested resource. @ https://optifine.net/adloadx?f=OptiFine_1.20.4_HD_U_I7.jar:0
[    2981ms] [ERROR] Failed to load resource: net::ERR_FAILED @ https://sync.intentiq.com/profiles_engine/ProfilesEngineServlet?at=20&mi=10&secure=1&dpi=786374107&iiqidtype=2&iiqpcid=c5d9f133-703d-4ac8-b850-1f6ea1f11683&iiqpciddate=1779326335288&tsrnd=85_1779326335296&jsver=0.35&uh=%7B%220%22%3A%22%5C%22Not)A%3BBrand%5C%22%3Bv%3D%5C%228%5C%22%2C%20%5C%22Chromium%5C%22%3Bv%3D%5C%22138%5C%22%2C%20%5C%22Google%20Chrome%5C%22%3Bv%3D%5C%22138%5C%22%22%2C%221%22%3A%22%3F0%22%2C%222%22%3A%22%5C%22Windows%5C%22%22%2C%223%22%3A%22%5C%22x86%5C%22%22%2C%224%22%3A%22%5C%2264%5C%22%22%2C%226%22%3A%22%5C%2220.0.0%5C%22%22%2C%227%22%3A%22%3F0%22%2C%228%22%3A%22%5C%22Not)A%3BBrand%5C%22%3Bv%3D%5C%228.0.0.0%5C%22%2C%20%5C%22Chromium%5C%22%3Bv%3D%5C%22138.0.7204.184%5C%22%2C%20%5C%22Google%20Chrome%5C%22%3Bv%3D%5C%22138.0.7204.184%5C%22%22%7D&vrref=https%3A%2F%2Foptifine.net&gdpr=0&source=pbjs:0
[    4579ms] [WARNING] [Audigent] cannot find __gpp framework @ https://a.ad.gt/api/v1/u/matches/288?_it=amazon:0
[    6496ms] [WARNING] [GPT] PubAdsService.getTargeting is deprecated, use googletag.getConfig('targeting') instead.
https://goo.gle/gpt-message#200 @ https://securepubads.g.doubleclick.net/pagead/managed/js/gpt/m202605140101/pubads_impl.js?cb=31098602:18
[    9069ms] [ERROR] Failed to load resource: net::ERR_NAME_NOT_RESOLVED @ https://s.thebrighttag.com/cs?tp=0WCbX0j&uid=ZvJJYQAEpBYtSwA3:0
[    9515ms] [ERROR] Failed to load resource: net::ERR_NAME_NOT_RESOLVED @ https://cs.vdopia.com/bid?advid=1583&bcid=ZvJJYQAEpBYtSwA3:0
[    9576ms] [ERROR] Failed to load resource: net::ERR_NAME_NOT_RESOLVED @ https://sync.tidaltv.com/GenericUserSync.ashx?dpid=3129&id=ZvJJYQAEpBYtSwA3:0
[    9925ms] [ERROR] Failed to load resource: net::ERR_NAME_NOT_RESOLVED @ https://sync.search.spotxchange.com/partner?adv_id=6409&uid=ZvJJYQAEpBYtSwA3&img=1&gdpr=0&gdpr_consent=:0
[    9951ms] [ERROR] Failed to load resource: the server responded with a status of 404 () @ https://pixel.quantserve.com/seg/r;a=p-T1mksRPv1rGRh;rand=2965681172428676787;redirecturl=https%3A%2F%2Frtd-tm.everesttech.net%2Fupi%2Fextseg%2Fpid%2FPYUnd1ve%3Fsid%3D!qcsegs:0
[   10797ms] [ERROR] Listener added for a 'DOMNodeInserted' mutation event. Support for this event type has been removed, and this event will no longer be fired. See https://chromestatus.com/feature/5083947249172480 for more information. @ :0
[   10955ms] [LOG]  [  0.000s] [studio.sdk]   @ https://s0.2mdn.net/ads/studio/Enabler.js:215
[   11032ms] TypeError: Cannot read properties of null (reading 'addEventListener')
    at https://s0.2mdn.net/sadbundle/8194379377308548116/728x90_culinary/index.html?ev=01_262:240:35
[   11317ms] TypeError: Cannot read properties of undefined (reading 'myButton_mc')
    at lib._728x90_01.frame_0 (https://s0.2mdn.net/sadbundle/8194379377308548116/728x90_culinary/index.js:1001:19)
    at d._runActionsRange (https://code.createjs.com/1.0.0/createjs.min.js:19:7215)
    at b._runActions (https://code.createjs.com/1.0.0/createjs.min.js:19:3229)
    at b._runActionsRange (https://code.createjs.com/1.0.0/createjs.min.js:19:10055)
    at b._runActions (https://code.createjs.com/1.0.0/createjs.min.js:19:3229)
    at b.setPosition (https://code.createjs.com/1.0.0/createjs.min.js:19:1519)
    at c._updateTimeline (https://code.createjs.com/1.0.0/createjs.min.js:14:29260)
    at c.advance (https://code.createjs.com/1.0.0/createjs.min.js:14:28504)
    at c._tick (https://code.createjs.com/1.0.0/createjs.min.js:14:28796)
    at b._tick (https://code.createjs.com/1.0.0/createjs.min.js:13:11081)
[   11425ms] [ERROR] Failed to load resource: the server responded with a status of 404 () @ https://ib.adnxs.com/gdpr=0&gdpr_consent=&us_privacy=1---:0
[   11933ms] [ERROR] Failed to load resource: the server responded with a status of 400 () @ https://elb.the-ozone-project.com/cookie_sync:0
[   11970ms] [LOG]  [  1.043s] [studio.sdk] Using default ad parameters in test environment. Simulating local events.  @ https://s0.2mdn.net/ads/studio/Enabler.js:215
[   13362ms] [ERROR] Failed to load resource: the server responded with a status of 400 (Bad Request) @ https://cpm.vistarsagency.com/user-sync?zone=354281%20&t=image&r=https://image2.pubmatic.com/AdServer/Pug?vcode=bz0yJnR5cGU9MSZjb2RlPTQxNTcmdGw9MTI5NjAw&piggybackCookie={UID}&gdpr=0&gdpr_consent=&us_privacy=&gpp=&gpp_sid=&ccpa=[CCPA]:0
[   16912ms] [ERROR] Failed to load resource: net::ERR_NAME_NOT_RESOLVED @ https://cs.iqzone.com/570908b7e92df631fee32098aa272f7b.gif?puid=hTEO5GoOXYstrL9cSo7atg%3D%3D&gdpr=&gdpr_consent=&ccpa=&coppa=&redir=https%3A%2F%2Fssc-cms.33across.com%2Fps%2F%3Fxi%3D145%26ts%3D1779326347470.6%26us_privacy%3D%26xu%3D%5BUID%5D%26gpp_sid%3D%26gpp%3D:0
[   17496ms] [ERROR] Failed to load resource: the server responded with a status of 400 (Bad Request) @ https://sync.e-volution.ai/a184e2218ea9f18e32c70fb304405e72.gif?puid=ID5-5-b283f604-c543-4211-bade-151ff0cb53ce&redir=https%3A%2F%2Fsync.inmobi.com%2Fsetuid%3FbidderID%3D957%26dspUserId%3D%5BUID%5D&gdpr=0&gdpr_consent=:0
[   17496ms] [ERROR] Failed to load resource: the server responded with a status of 400 (Bad Request) @ https://sync.e-volution.ai/a184e2218ea9f18e32c70fb304405e72.gif?puid=ID5-5-b283f604-c543-4211-bade-151ff0cb53ce&redir=https%3A%2F%2Fsync.inmobi.com%2Fsetuid%3FbidderID%3D957%26dspUserId%3D%5BUID%5D&gdpr=0&gdpr_consent=:0
[   17496ms] [ERROR] Failed to load resource: the server responded with a status of 400 (Bad Request) @ https://sync.e-volution.ai/a184e2218ea9f18e32c70fb304405e72.gif?puid=ID5-5-b283f604-c543-4211-bade-151ff0cb53ce&redir=https%3A%2F%2Fsync.inmobi.com%2Fsetuid%3FbidderID%3D957%26dspUserId%3D%5BUID%5D&gdpr=0&gdpr_consent=:0
[   18158ms] [ERROR] Failed to load resource: the server responded with a status of 424 (Failed Dependency) @ https://t.adx.opera.com/pub/sync?pubid=pub10101531197440&gdpr=1&gdpr_consent=:0
[   19542ms] [ERROR] Failed to load resource: net::ERR_NAME_NOT_RESOLVED @ https://cs.iqzone.com/1092f8787f1b733028860f25be048027.gif?puid=4a1bafbf-a178-4237-a87e-2a29dbf226d6&redir=https%3A%2F%2Fms-cookie-sync.presage.io%2Fuser-sync%3Fiqzone_id%3D%5BUID%5D%26gdpr%3D0%26gdpr_consent%3D&gdpr=0&gdpr_consent=:0
[   19552ms] [ERROR] Failed to load resource: net::ERR_NAME_NOT_RESOLVED @ https://cs.iqzone.com/1092f8787f1b733028860f25be048027.gif?puid=70bb6c96-e989-4955-90f7-503ef77b9230&redir=https%3A%2F%2Fms-cookie-sync.presage.io%2Fuser-sync%3Fiqzone_id%3D%5BUID%5D%26gdpr%3D0%26gdpr_consent%3D&gdpr=0&gdpr_consent=:0
[   18158ms] [ERROR] Failed to load resource: the server responded with a status of 424 (Failed Dependency) @ https://t.adx.opera.com/pub/sync?pubid=pub10101531197440&gdpr=1&gdpr_consent=:0
[   18158ms] [ERROR] Failed to load resource: the server responded with a status of 424 (Failed Dependency) @ https://t.adx.opera.com/pub/sync?pubid=pub10101531197440&gdpr=1&gdpr_consent=:0
[   18158ms] [ERROR] Failed to load resource: the server responded with a status of 424 (Failed Dependency) @ https://t.adx.opera.com/pub/sync?pubid=pub10101531197440&gdpr=1&gdpr_consent=:0
[   20058ms] [ERROR] Failed to load resource: the server responded with a status of 404 (Not Found) @ https://b1sync.zemanta.com/usersync/ogury/?gdpr=0&gdpr_consent=&cb=https%3A%2F%2Fms-cookie-sync.presage.io%2Fuser-sync%3Foutbrain_id%3D__ZUID__:0
[   16912ms] [ERROR] Failed to load resource: net::ERR_NAME_NOT_RESOLVED @ https://cs.iqzone.com/570908b7e92df631fee32098aa272f7b.gif?puid=hTEO5GoOXYstrL9cSo7atg%3D%3D&gdpr=&gdpr_consent=&ccpa=&coppa=&redir=https%3A%2F%2Fssc-cms.33across.com%2Fps%2F%3Fxi%3D145%26ts%3D1779326347470.6%26us_privacy%3D%26xu%3D%5BUID%5D%26gpp_sid%3D%26gpp%3D:0
[   20138ms] [ERROR] Failed to load resource: the server responded with a status of 404 (Not Found) @ https://b1sync.zemanta.com/usersync/ogury/?gdpr=0&gdpr_consent=&cb=https%3A%2F%2Fms-cookie-sync.presage.io%2Fuser-sync%3Foutbrain_id%3D__ZUID__:0
[   19542ms] [ERROR] Failed to load resource: net::ERR_NAME_NOT_RESOLVED @ https://cs.iqzone.com/1092f8787f1b733028860f25be048027.gif?puid=4a1bafbf-a178-4237-a87e-2a29dbf226d6&redir=https%3A%2F%2Fms-cookie-sync.presage.io%2Fuser-sync%3Fiqzone_id%3D%5BUID%5D%26gdpr%3D0%26gdpr_consent%3D&gdpr=0&gdpr_consent=:0
[   19552ms] [ERROR] Failed to load resource: net::ERR_NAME_NOT_RESOLVED @ https://cs.iqzone.com/1092f8787f1b733028860f25be048027.gif?puid=70bb6c96-e989-4955-90f7-503ef77b9230&redir=https%3A%2F%2Fms-cookie-sync.presage.io%2Fuser-sync%3Fiqzone_id%3D%5BUID%5D%26gdpr%3D0%26gdpr_consent%3D&gdpr=0&gdpr_consent=:0
[   20058ms] [ERROR] Failed to load resource: the server responded with a status of 404 (Not Found) @ https://b1sync.zemanta.com/usersync/ogury/?gdpr=0&gdpr_consent=&cb=https%3A%2F%2Fms-cookie-sync.presage.io%2Fuser-sync%3Foutbrain_id%3D__ZUID__:0
[   20138ms] [ERROR] Failed to load resource: the server responded with a status of 404 (Not Found) @ https://b1sync.zemanta.com/usersync/ogury/?gdpr=0&gdpr_consent=&cb=https%3A%2F%2Fms-cookie-sync.presage.io%2Fuser-sync%3Foutbrain_id%3D__ZUID__:0
[   19542ms] [ERROR] Failed to load resource: net::ERR_NAME_NOT_RESOLVED @ https://cs.iqzone.com/1092f8787f1b733028860f25be048027.gif?puid=4a1bafbf-a178-4237-a87e-2a29dbf226d6&redir=https%3A%2F%2Fms-cookie-sync.presage.io%2Fuser-sync%3Fiqzone_id%3D%5BUID%5D%26gdpr%3D0%26gdpr_consent%3D&gdpr=0&gdpr_consent=:0
[   19552ms] [ERROR] Failed to load resource: net::ERR_NAME_NOT_RESOLVED @ https://cs.iqzone.com/1092f8787f1b733028860f25be048027.gif?puid=70bb6c96-e989-4955-90f7-503ef77b9230&redir=https%3A%2F%2Fms-cookie-sync.presage.io%2Fuser-sync%3Fiqzone_id%3D%5BUID%5D%26gdpr%3D0%26gdpr_consent%3D&gdpr=0&gdpr_consent=:0
[   20058ms] [ERROR] Failed to load resource: the server responded with a status of 404 (Not Found) @ https://b1sync.zemanta.com/usersync/ogury/?gdpr=0&gdpr_consent=&cb=https%3A%2F%2Fms-cookie-sync.presage.io%2Fuser-sync%3Foutbrain_id%3D__ZUID__:0
[   20138ms] [ERROR] Failed to load resource: the server responded with a status of 404 (Not Found) @ https://b1sync.zemanta.com/usersync/ogury/?gdpr=0&gdpr_consent=&cb=https%3A%2F%2Fms-cookie-sync.presage.io%2Fuser-sync%3Foutbrain_id%3D__ZUID__:0
[   20274ms] [ERROR] Failed to load resource: the server responded with a status of 422 () @ https://match.sharethrough.com/FGMrCMMc/v1?redirectUri=https%3A%2F%2Fsync.sparteo.com%2Fsetuid%3Fpslabel%3Dnull%26bidder%3Dsharethrough%26gdpr%3D0%26gdpr_consent%3D%26us_privacy%3D%26gpp%3D%26gpp_sid%3D%26f%3Di%26uid%3D%24UID&gdpr=0&gdpr_consent=&us_privacy=:0
[   20275ms] [ERROR] Failed to load resource: net::ERR_HTTP2_SERVER_REFUSED_STREAM @ https://cs.admanmedia.com/2e2cd80ed2c36fa49cf9580703081ade.gif?puid=4a1bafbf-a178-4237-a87e-2a29dbf226d6&redir=https%3A%2F%2Fms-cookie-sync.presage.io%2Fuser-sync%3Fillumin_id%3D%5BUID%5D%26gdpr%3D0%26gdpr_consent%3D&gdpr=0&gdpr_consent=:0
[   19542ms] [ERROR] Failed to load resource: net::ERR_NAME_NOT_RESOLVED @ https://cs.iqzone.com/1092f8787f1b733028860f25be048027.gif?puid=4a1bafbf-a178-4237-a87e-2a29dbf226d6&redir=https%3A%2F%2Fms-cookie-sync.presage.io%2Fuser-sync%3Fiqzone_id%3D%5BUID%5D%26gdpr%3D0%26gdpr_consent%3D&gdpr=0&gdpr_consent=:0
[   19552ms] [ERROR] Failed to load resource: net::ERR_NAME_NOT_RESOLVED @ https://cs.iqzone.com/1092f8787f1b733028860f25be048027.gif?puid=70bb6c96-e989-4955-90f7-503ef77b9230&redir=https%3A%2F%2Fms-cookie-sync.presage.io%2Fuser-sync%3Fiqzone_id%3D%5BUID%5D%26gdpr%3D0%26gdpr_consent%3D&gdpr=0&gdpr_consent=:0
[   20058ms] [ERROR] Failed to load resource: the server responded with a status of 404 (Not Found) @ https://b1sync.zemanta.com/usersync/ogury/?gdpr=0&gdpr_consent=&cb=https%3A%2F%2Fms-cookie-sync.presage.io%2Fuser-sync%3Foutbrain_id%3D__ZUID__:0
[   20138ms] [ERROR] Failed to load resource: the server responded with a status of 404 (Not Found) @ https://b1sync.zemanta.com/usersync/ogury/?gdpr=0&gdpr_consent=&cb=https%3A%2F%2Fms-cookie-sync.presage.io%2Fuser-sync%3Foutbrain_id%3D__ZUID__:0
[   20275ms] [ERROR] Failed to load resource: net::ERR_HTTP2_SERVER_REFUSED_STREAM @ https://cs.admanmedia.com/2e2cd80ed2c36fa49cf9580703081ade.gif?puid=4a1bafbf-a178-4237-a87e-2a29dbf226d6&redir=https%3A%2F%2Fms-cookie-sync.presage.io%2Fuser-sync%3Fillumin_id%3D%5BUID%5D%26gdpr%3D0%26gdpr_consent%3D&gdpr=0&gdpr_consent=:0
[   19542ms] [ERROR] Failed to load resource: net::ERR_NAME_NOT_RESOLVED @ https://cs.iqzone.com/1092f8787f1b733028860f25be048027.gif?puid=4a1bafbf-a178-4237-a87e-2a29dbf226d6&redir=https%3A%2F%2Fms-cookie-sync.presage.io%2Fuser-sync%3Fiqzone_id%3D%5BUID%5D%26gdpr%3D0%26gdpr_consent%3D&gdpr=0&gdpr_consent=:0
[   19552ms] [ERROR] Failed to load resource: net::ERR_NAME_NOT_RESOLVED @ https://cs.iqzone.com/1092f8787f1b733028860f25be048027.gif?puid=70bb6c96-e989-4955-90f7-503ef77b9230&redir=https%3A%2F%2Fms-cookie-sync.presage.io%2Fuser-sync%3Fiqzone_id%3D%5BUID%5D%26gdpr%3D0%26gdpr_consent%3D&gdpr=0&gdpr_consent=:0
[   20058ms] [ERROR] Failed to load resource: the server responded with a status of 404 (Not Found) @ https://b1sync.zemanta.com/usersync/ogury/?gdpr=0&gdpr_consent=&cb=https%3A%2F%2Fms-cookie-sync.presage.io%2Fuser-sync%3Foutbrain_id%3D__ZUID__:0
[   20138ms] [ERROR] Failed to load resource: the server responded with a status of 404 (Not Found) @ https://b1sync.zemanta.com/usersync/ogury/?gdpr=0&gdpr_consent=&cb=https%3A%2F%2Fms-cookie-sync.presage.io%2Fuser-sync%3Foutbrain_id%3D__ZUID__:0
[   20275ms] [ERROR] Failed to load resource: net::ERR_HTTP2_SERVER_REFUSED_STREAM @ https://cs.admanmedia.com/2e2cd80ed2c36fa49cf9580703081ade.gif?puid=4a1bafbf-a178-4237-a87e-2a29dbf226d6&redir=https%3A%2F%2Fms-cookie-sync.presage.io%2Fuser-sync%3Fillumin_id%3D%5BUID%5D%26gdpr%3D0%26gdpr_consent%3D&gdpr=0&gdpr_consent=:0
[   20362ms] [ERROR] Failed to load resource: net::ERR_TOO_MANY_REDIRECTS @ https://su.semasio.net/sync/1/23854281?sExtCookieId=ID5-8e1fOFYFtPWItrt_F9J30flZbW-LTCsCg-TX5NrqkA&sInitiator=internal&gdpr=0&gdpr_consent=:0
[   18158ms] [ERROR] Failed to load resource: the server responded with a status of 424 (Failed Dependency) @ https://t.adx.opera.com/pub/sync?pubid=pub10101531197440&gdpr=1&gdpr_consent=:0
[   20487ms] [ERROR] Failed to load resource: the server responded with a status of 422 () @ https://match.sharethrough.com/FGMrCMMc/v1?redirectUri=https%3A%2F%2Fsync.sparteo.com%2Fsetuid%3Fpslabel%3Dnull%26bidder%3Dsharethrough%26gdpr%3D0%26gdpr_consent%3D%26us_privacy%3D%26gpp%3D%26gpp_sid%3D%26f%3Di%26uid%3D%24UID&gdpr=0&gdpr_consent=&us_privacy=:0
[   18158ms] [ERROR] Failed to load resource: the server responded with a status of 424 (Failed Dependency) @ https://t.adx.opera.com/pub/sync?pubid=pub10101531197440&gdpr=1&gdpr_consent=:0
[   20860ms] [ERROR] Failed to load resource: net::ERR_HTTP2_SERVER_REFUSED_STREAM @ https://cs.admanmedia.com/77bb8e39d66271fda1db01d45766b9d9.gif?puid=%5BUID%5D&redir=https%3A%2F%2Fcs.yellowblue.io%2Fcs%3Ffwrd%3D1%26aid%3D11559%26id%3D%5BUID%5D%26gdpr%3D%5BGDPR%5D%26gdpr_consent%3D%5BUSER_CONSENT%5D:0
[   20362ms] [ERROR] Failed to load resource: net::ERR_TOO_MANY_REDIRECTS @ https://su.semasio.net/sync/1/23854281?sExtCookieId=ID5-8e1fOFYFtPWItrt_F9J30flZbW-LTCsCg-TX5NrqkA&sInitiator=internal&gdpr=0&gdpr_consent=:0
[   18158ms] [ERROR] Failed to load resource: the server responded with a status of 424 (Failed Dependency) @ https://t.adx.opera.com/pub/sync?pubid=pub10101531197440&gdpr=1&gdpr_consent=:0
[   20985ms] [ERROR] Failed to load resource: the server responded with a status of 400 () @ https://match.prod.bidr.io/cookie-sync/ox?gdpr=0&gdpr_consent=%5BGDPR_CONSENT%5D:0
[   20860ms] [ERROR] Failed to load resource: net::ERR_HTTP2_SERVER_REFUSED_STREAM @ https://cs.admanmedia.com/77bb8e39d66271fda1db01d45766b9d9.gif?puid=%5BUID%5D&redir=https%3A%2F%2Fcs.yellowblue.io%2Fcs%3Ffwrd%3D1%26aid%3D11559%26id%3D%5BUID%5D%26gdpr%3D%5BGDPR%5D%26gdpr_consent%3D%5BUSER_CONSENT%5D:0
[   21123ms] [ERROR] Failed to load resource: the server responded with a status of 424 (Failed Dependency) @ https://t.adx.opera.com/pub/sync?pubid=pub10101531197440&gdpr=1&gdpr_consent=:0
[   21409ms] [ERROR] Failed to load resource: net::ERR_HTTP2_SERVER_REFUSED_STREAM @ https://cs.admanmedia.com/f6840be316cff8120b331878d1e34728.gif?puid=19f4452dce4b69e1dd45e30f&gdpr=[GDPR]&gdpr_consent=[GDPR_CONSENT]&ccpa=[CCPA]&coppa=[COPPA]:0
[   21637ms] [ERROR] Failed to load resource: net::ERR_HTTP2_SERVER_REFUSED_STREAM @ https://cs.admanmedia.com/73c1e1bfc3bde354d60b80e601ae3914.gif?puid=[UID]&redir=https%3A%2F%2Fonetag-sys.com%2Fmatch%2F%3Fint_id%3D164%26gdpr%3D1%26gdpr_consent%3D%26uid%3D%5BUID%5D&gdpr=1&gdpr_consent=&ccpa=&coppa=:0
[   22272ms] [ERROR] Failed to load resource: the server responded with a status of 400 () @ https://eb2.3lift.com/getuid?gdpr=0&gdpr_consent=&redir=https%3A%2F%2Fvisitor.us-west1.gcp.omnitagjs.com%2Fvisitor%2Fsync%3Fgdpr%3D0%26gdpr_consent%3D%26is_cookie_sync_uid%3D1%26name%3DTRIPLELIFT_cookie_sync%26ttl%3D720%26uid%3D771bebe2d6221e9ca65e16ebf8d2f6f3%26visitor%3D%24UID:0
[   22459ms] [ERROR] Failed to load resource: the server responded with a status of 400 () @ https://eb2.3lift.com/getuid?gdpr=0&gdpr_consent=&redir=https%3A%2F%2Fvisitor.us-west1.gcp.omnitagjs.com%2Fvisitor%2Fsync%3Fgdpr%3D0%26gdpr_consent%3D%26is_cookie_sync_uid%3D1%26name%3DTRIPLELIFT_cookie_sync%26ttl%3D720%26uid%3D771bebe2d6221e9ca65e16ebf8d2f6f3%26visitor%3D%24UID:0
[   20362ms] [ERROR] Failed to load resource: net::ERR_TOO_MANY_REDIRECTS @ https://su.semasio.net/sync/1/23854281?sExtCookieId=ID5-8e1fOFYFtPWItrt_F9J30flZbW-LTCsCg-TX5NrqkA&sInitiator=internal&gdpr=0&gdpr_consent=:0
[   20362ms] [ERROR] Failed to load resource: net::ERR_TOO_MANY_REDIRECTS @ https://su.semasio.net/sync/1/23854281?sExtCookieId=ID5-8e1fOFYFtPWItrt_F9J30flZbW-LTCsCg-TX5NrqkA&sInitiator=internal&gdpr=0&gdpr_consent=:0
[   20985ms] [ERROR] Failed to load resource: the server responded with a status of 400 () @ https://match.prod.bidr.io/cookie-sync/ox?gdpr=0&gdpr_consent=%5BGDPR_CONSENT%5D:0
[   20860ms] [ERROR] Failed to load resource: net::ERR_HTTP2_SERVER_REFUSED_STREAM @ https://cs.admanmedia.com/77bb8e39d66271fda1db01d45766b9d9.gif?puid=%5BUID%5D&redir=https%3A%2F%2Fcs.yellowblue.io%2Fcs%3Ffwrd%3D1%26aid%3D11559%26id%3D%5BUID%5D%26gdpr%3D%5BGDPR%5D%26gdpr_consent%3D%5BUSER_CONSENT%5D:0
[   13362ms] [ERROR] Failed to load resource: the server responded with a status of 400 (Bad Request) @ https://cpm.vistarsagency.com/user-sync?zone=354281%20&t=image&r=https://image2.pubmatic.com/AdServer/Pug?vcode=bz0yJnR5cGU9MSZjb2RlPTQxNTcmdGw9MTI5NjAw&piggybackCookie={UID}&gdpr=0&gdpr_consent=&us_privacy=&gpp=&gpp_sid=&ccpa=[CCPA]:0
[   18158ms] [ERROR] Failed to load resource: the server responded with a status of 424 (Failed Dependency) @ https://t.adx.opera.com/pub/sync?pubid=pub10101531197440&gdpr=1&gdpr_consent=:0
[   21123ms] [ERROR] Failed to load resource: the server responded with a status of 424 (Failed Dependency) @ https://t.adx.opera.com/pub/sync?pubid=pub10101531197440&gdpr=1&gdpr_consent=:0
[   21637ms] [ERROR] Failed to load resource: net::ERR_HTTP2_SERVER_REFUSED_STREAM @ https://cs.admanmedia.com/73c1e1bfc3bde354d60b80e601ae3914.gif?puid=[UID]&redir=https%3A%2F%2Fonetag-sys.com%2Fmatch%2F%3Fint_id%3D164%26gdpr%3D1%26gdpr_consent%3D%26uid%3D%5BUID%5D&gdpr=1&gdpr_consent=&ccpa=&coppa=:0
[   20860ms] [ERROR] Failed to load resource: net::ERR_HTTP2_SERVER_REFUSED_STREAM @ https://cs.admanmedia.com/77bb8e39d66271fda1db01d45766b9d9.gif?puid=%5BUID%5D&redir=https%3A%2F%2Fcs.yellowblue.io%2Fcs%3Ffwrd%3D1%26aid%3D11559%26id%3D%5BUID%5D%26gdpr%3D%5BGDPR%5D%26gdpr_consent%3D%5BUSER_CONSENT%5D:0
[   18158ms] [ERROR] Failed to load resource: the server responded with a status of 424 (Failed Dependency) @ https://t.adx.opera.com/pub/sync?pubid=pub10101531197440&gdpr=1&gdpr_consent=:0
[   21123ms] [ERROR] Failed to load resource: the server responded with a status of 424 (Failed Dependency) @ https://t.adx.opera.com/pub/sync?pubid=pub10101531197440&gdpr=1&gdpr_consent=:0
[   21637ms] [ERROR] Failed to load resource: net::ERR_HTTP2_SERVER_REFUSED_STREAM @ https://cs.admanmedia.com/73c1e1bfc3bde354d60b80e601ae3914.gif?puid=[UID]&redir=https%3A%2F%2Fonetag-sys.com%2Fmatch%2F%3Fint_id%3D164%26gdpr%3D1%26gdpr_consent%3D%26uid%3D%5BUID%5D&gdpr=1&gdpr_consent=&ccpa=&coppa=:0
[   20362ms] [ERROR] Failed to load resource: net::ERR_TOO_MANY_REDIRECTS @ https://su.semasio.net/sync/1/23854281?sExtCookieId=ID5-8e1fOFYFtPWItrt_F9J30flZbW-LTCsCg-TX5NrqkA&sInitiator=internal&gdpr=0&gdpr_consent=:0
[   20860ms] [ERROR] Failed to load resource: net::ERR_HTTP2_SERVER_REFUSED_STREAM @ https://cs.admanmedia.com/77bb8e39d66271fda1db01d45766b9d9.gif?puid=%5BUID%5D&redir=https%3A%2F%2Fcs.yellowblue.io%2Fcs%3Ffwrd%3D1%26aid%3D11559%26id%3D%5BUID%5D%26gdpr%3D%5BGDPR%5D%26gdpr_consent%3D%5BUSER_CONSENT%5D:0
[   20362ms] [ERROR] Failed to load resource: net::ERR_TOO_MANY_REDIRECTS @ https://su.semasio.net/sync/1/23854281?sExtCookieId=ID5-8e1fOFYFtPWItrt_F9J30flZbW-LTCsCg-TX5NrqkA&sInitiator=internal&gdpr=0&gdpr_consent=:0
[   13362ms] [ERROR] Failed to load resource: the server responded with a status of 400 (Bad Request) @ https://cpm.vistarsagency.com/user-sync?zone=354281%20&t=image&r=https://image2.pubmatic.com/AdServer/Pug?vcode=bz0yJnR5cGU9MSZjb2RlPTQxNTcmdGw9MTI5NjAw&piggybackCookie={UID}&gdpr=0&gdpr_consent=&us_privacy=&gpp=&gpp_sid=&ccpa=[CCPA]:0
[   20362ms] [ERROR] Failed to load resource: net::ERR_TOO_MANY_REDIRECTS @ https://su.semasio.net/sync/1/23854281?sExtCookieId=ID5-8e1fOFYFtPWItrt_F9J30flZbW-LTCsCg-TX5NrqkA&sInitiator=internal&gdpr=0&gdpr_consent=:0
[   18158ms] [ERROR] Failed to load resource: the server responded with a status of 424 (Failed Dependency) @ https://t.adx.opera.com/pub/sync?pubid=pub10101531197440&gdpr=1&gdpr_consent=:0
[   21123ms] [ERROR] Failed to load resource: the server responded with a status of 424 (Failed Dependency) @ https://t.adx.opera.com/pub/sync?pubid=pub10101531197440&gdpr=1&gdpr_consent=:0
[   21637ms] [ERROR] Failed to load resource: net::ERR_HTTP2_SERVER_REFUSED_STREAM @ https://cs.admanmedia.com/73c1e1bfc3bde354d60b80e601ae3914.gif?puid=[UID]&redir=https%3A%2F%2Fonetag-sys.com%2Fmatch%2F%3Fint_id%3D164%26gdpr%3D1%26gdpr_consent%3D%26uid%3D%5BUID%5D&gdpr=1&gdpr_consent=&ccpa=&coppa=:0
[   20860ms] [ERROR] Failed to load resource: net::ERR_HTTP2_SERVER_REFUSED_STREAM @ https://cs.admanmedia.com/77bb8e39d66271fda1db01d45766b9d9.gif?puid=%5BUID%5D&redir=https%3A%2F%2Fcs.yellowblue.io%2Fcs%3Ffwrd%3D1%26aid%3D11559%26id%3D%5BUID%5D%26gdpr%3D%5BGDPR%5D%26gdpr_consent%3D%5BUSER_CONSENT%5D:0
[   20362ms] [ERROR] Failed to load resource: net::ERR_TOO_MANY_REDIRECTS @ https://su.semasio.net/sync/1/23854281?sExtCookieId=ID5-8e1fOFYFtPWItrt_F9J30flZbW-LTCsCg-TX5NrqkA&sInitiator=internal&gdpr=0&gdpr_consent=:0
[   16912ms] [ERROR] Failed to load resource: net::ERR_NAME_NOT_RESOLVED @ https://cs.iqzone.com/570908b7e92df631fee32098aa272f7b.gif?puid=hTEO5GoOXYstrL9cSo7atg%3D%3D&gdpr=&gdpr_consent=&ccpa=&coppa=&redir=https%3A%2F%2Fssc-cms.33across.com%2Fps%2F%3Fxi%3D145%26ts%3D1779326347470.6%26us_privacy%3D%26xu%3D%5BUID%5D%26gpp_sid%3D%26gpp%3D:0
[   20860ms] [ERROR] Failed to load resource: net::ERR_HTTP2_SERVER_REFUSED_STREAM @ https://cs.admanmedia.com/77bb8e39d66271fda1db01d45766b9d9.gif?puid=%5BUID%5D&redir=https%3A%2F%2Fcs.yellowblue.io%2Fcs%3Ffwrd%3D1%26aid%3D11559%26id%3D%5BUID%5D%26gdpr%3D%5BGDPR%5D%26gdpr_consent%3D%5BUSER_CONSENT%5D:0
[   18158ms] [ERROR] Failed to load resource: the server responded with a status of 424 (Failed Dependency) @ https://t.adx.opera.com/pub/sync?pubid=pub10101531197440&gdpr=1&gdpr_consent=:0
[   21123ms] [ERROR] Failed to load resource: the server responded with a status of 424 (Failed Dependency) @ https://t.adx.opera.com/pub/sync?pubid=pub10101531197440&gdpr=1&gdpr_consent=:0
[   21637ms] [ERROR] Failed to load resource: net::ERR_HTTP2_SERVER_REFUSED_STREAM @ https://cs.admanmedia.com/73c1e1bfc3bde354d60b80e601ae3914.gif?puid=[UID]&redir=https%3A%2F%2Fonetag-sys.com%2Fmatch%2F%3Fint_id%3D164%26gdpr%3D1%26gdpr_consent%3D%26uid%3D%5BUID%5D&gdpr=1&gdpr_consent=&ccpa=&coppa=:0
[   16912ms] [ERROR] Failed to load resource: net::ERR_NAME_NOT_RESOLVED @ https://cs.iqzone.com/570908b7e92df631fee32098aa272f7b.gif?puid=hTEO5GoOXYstrL9cSo7atg%3D%3D&gdpr=&gdpr_consent=&ccpa=&coppa=&redir=https%3A%2F%2Fssc-cms.33across.com%2Fps%2F%3Fxi%3D145%26ts%3D1779326347470.6%26us_privacy%3D%26xu%3D%5BUID%5D%26gpp_sid%3D%26gpp%3D:0
[   20860ms] [ERROR] Failed to load resource: net::ERR_HTTP2_SERVER_REFUSED_STREAM @ https://cs.admanmedia.com/77bb8e39d66271fda1db01d45766b9d9.gif?puid=%5BUID%5D&redir=https%3A%2F%2Fcs.yellowblue.io%2Fcs%3Ffwrd%3D1%26aid%3D11559%26id%3D%5BUID%5D%26gdpr%3D%5BGDPR%5D%26gdpr_consent%3D%5BUSER_CONSENT%5D:0
[   20860ms] [ERROR] Failed to load resource: net::ERR_HTTP2_SERVER_REFUSED_STREAM @ https://cs.admanmedia.com/77bb8e39d66271fda1db01d45766b9d9.gif?puid=%5BUID%5D&redir=https%3A%2F%2Fcs.yellowblue.io%2Fcs%3Ffwrd%3D1%26aid%3D11559%26id%3D%5BUID%5D%26gdpr%3D%5BGDPR%5D%26gdpr_consent%3D%5BUSER_CONSENT%5D:0
[   20362ms] [ERROR] Failed to load resource: net::ERR_TOO_MANY_REDIRECTS @ https://su.semasio.net/sync/1/23854281?sExtCookieId=ID5-8e1fOFYFtPWItrt_F9J30flZbW-LTCsCg-TX5NrqkA&sInitiator=internal&gdpr=0&gdpr_consent=:0
[   20985ms] [ERROR] Failed to load resource: the server responded with a status of 400 () @ https://match.prod.bidr.io/cookie-sync/ox?gdpr=0&gdpr_consent=%5BGDPR_CONSENT%5D:0
[   18158ms] [ERROR] Failed to load resource: the server responded with a status of 424 (Failed Dependency) @ https://t.adx.opera.com/pub/sync?pubid=pub10101531197440&gdpr=1&gdpr_consent=:0
[   21123ms] [ERROR] Failed to load resource: the server responded with a status of 424 (Failed Dependency) @ https://t.adx.opera.com/pub/sync?pubid=pub10101531197440&gdpr=1&gdpr_consent=:0
[   21637ms] [ERROR] Failed to load resource: net::ERR_HTTP2_SERVER_REFUSED_STREAM @ https://cs.admanmedia.com/73c1e1bfc3bde354d60b80e601ae3914.gif?puid=[UID]&redir=https%3A%2F%2Fonetag-sys.com%2Fmatch%2F%3Fint_id%3D164%26gdpr%3D1%26gdpr_consent%3D%26uid%3D%5BUID%5D&gdpr=1&gdpr_consent=&ccpa=&coppa=:0
[   20985ms] [ERROR] Failed to load resource: the server responded with a status of 400 () @ https://match.prod.bidr.io/cookie-sync/ox?gdpr=0&gdpr_consent=%5BGDPR_CONSENT%5D:0
[   20362ms] [ERROR] Failed to load resource: net::ERR_TOO_MANY_REDIRECTS @ https://su.semasio.net/sync/1/23854281?sExtCookieId=ID5-8e1fOFYFtPWItrt_F9J30flZbW-LTCsCg-TX5NrqkA&sInitiator=internal&gdpr=0&gdpr_consent=:0
[   16912ms] [ERROR] Failed to load resource: net::ERR_NAME_NOT_RESOLVED @ https://cs.iqzone.com/570908b7e92df631fee32098aa272f7b.gif?puid=hTEO5GoOXYstrL9cSo7atg%3D%3D&gdpr=&gdpr_consent=&ccpa=&coppa=&redir=https%3A%2F%2Fssc-cms.33across.com%2Fps%2F%3Fxi%3D145%26ts%3D1779326347470.6%26us_privacy%3D%26xu%3D%5BUID%5D%26gpp_sid%3D%26gpp%3D:0
[   20860ms] [ERROR] Failed to load resource: net::ERR_HTTP2_SERVER_REFUSED_STREAM @ https://cs.admanmedia.com/77bb8e39d66271fda1db01d45766b9d9.gif?puid=%5BUID%5D&redir=https%3A%2F%2Fcs.yellowblue.io%2Fcs%3Ffwrd%3D1%26aid%3D11559%26id%3D%5BUID%5D%26gdpr%3D%5BGDPR%5D%26gdpr_consent%3D%5BUSER_CONSENT%5D:0
[   16912ms] [ERROR] Failed to load resource: net::ERR_NAME_NOT_RESOLVED @ https://cs.iqzone.com/570908b7e92df631fee32098aa272f7b.gif?puid=hTEO5GoOXYstrL9cSo7atg%3D%3D&gdpr=&gdpr_consent=&ccpa=&coppa=&redir=https%3A%2F%2Fssc-cms.33across.com%2Fps%2F%3Fxi%3D145%26ts%3D1779326347470.6%26us_privacy%3D%26xu%3D%5BUID%5D%26gpp_sid%3D%26gpp%3D:0
[   26223ms] [ERROR] Failed to load resource: the server responded with a status of 400 () @ https://eb2.3lift.com/xuid?idenv=:0
[   18158ms] [ERROR] Failed to load resource: the server responded with a status of 424 (Failed Dependency) @ https://t.adx.opera.com/pub/sync?pubid=pub10101531197440&gdpr=1&gdpr_consent=:0
[   21123ms] [ERROR] Failed to load resource: the server responded with a status of 424 (Failed Dependency) @ https://t.adx.opera.com/pub/sync?pubid=pub10101531197440&gdpr=1&gdpr_consent=:0
[   21637ms] [ERROR] Failed to load resource: net::ERR_HTTP2_SERVER_REFUSED_STREAM @ https://cs.admanmedia.com/73c1e1bfc3bde354d60b80e601ae3914.gif?puid=[UID]&redir=https%3A%2F%2Fonetag-sys.com%2Fmatch%2F%3Fint_id%3D164%26gdpr%3D1%26gdpr_consent%3D%26uid%3D%5BUID%5D&gdpr=1&gdpr_consent=&ccpa=&coppa=:0
[   26369ms] [ERROR] Failed to load resource: net::ERR_SSL_PROTOCOL_ERROR @ https://usermatch.krxd.net/um/v2?partner=tapad:0
[   26466ms] [ERROR] Failed to load resource: net::ERR_CERT_COMMON_NAME_INVALID @ https://cs.openwebmedia.org/cs?aid=40017&id=RX-3952b5be-cec6-4e94-b6cb-d4a6f9beca79-005:0
[   26466ms] [ERROR] Failed to load resource: net::ERR_CERT_COMMON_NAME_INVALID @ https://cs.openwebmedia.org/cs?aid=40017&id=RX-3952b5be-cec6-4e94-b6cb-d4a6f9beca79-005:0
[   26466ms] [ERROR] Failed to load resource: net::ERR_CERT_COMMON_NAME_INVALID @ https://cs.openwebmedia.org/cs?aid=40017&id=RX-3952b5be-cec6-4e94-b6cb-d4a6f9beca79-005:0
[   26637ms] [ERROR] Failed to load resource: net::ERR_SSL_PROTOCOL_ERROR @ https://usermatch.krxd.net/um/v2?partner=tapad:0
[   18158ms] [ERROR] Failed to load resource: the server responded with a status of 424 (Failed Dependency) @ https://t.adx.opera.com/pub/sync?pubid=pub10101531197440&gdpr=1&gdpr_consent=:0
[   21123ms] [ERROR] Failed to load resource: the server responded with a status of 424 (Failed Dependency) @ https://t.adx.opera.com/pub/sync?pubid=pub10101531197440&gdpr=1&gdpr_consent=:0
[   21637ms] [ERROR] Failed to load resource: net::ERR_HTTP2_SERVER_REFUSED_STREAM @ https://cs.admanmedia.com/73c1e1bfc3bde354d60b80e601ae3914.gif?puid=[UID]&redir=https%3A%2F%2Fonetag-sys.com%2Fmatch%2F%3Fint_id%3D164%26gdpr%3D1%26gdpr_consent%3D%26uid%3D%5BUID%5D&gdpr=1&gdpr_consent=&ccpa=&coppa=:0
[   18158ms] [ERROR] Failed to load resource: the server responded with a status of 424 (Failed Dependency) @ https://t.adx.opera.com/pub/sync?pubid=pub10101531197440&gdpr=1&gdpr_consent=:0
[   21123ms] [ERROR] Failed to load resource: the server responded with a status of 424 (Failed Dependency) @ https://t.adx.opera.com/pub/sync?pubid=pub10101531197440&gdpr=1&gdpr_consent=:0
[   21637ms] [ERROR] Failed to load resource: net::ERR_HTTP2_SERVER_REFUSED_STREAM @ https://cs.admanmedia.com/73c1e1bfc3bde354d60b80e601ae3914.gif?puid=[UID]&redir=https%3A%2F%2Fonetag-sys.com%2Fmatch%2F%3Fint_id%3D164%26gdpr%3D1%26gdpr_consent%3D%26uid%3D%5BUID%5D&gdpr=1&gdpr_consent=&ccpa=&coppa=:0
[   18158ms] [ERROR] Failed to load resource: the server responded with a status of 424 (Failed Dependency) @ https://t.adx.opera.com/pub/sync?pubid=pub10101531197440&gdpr=1&gdpr_consent=:0
[   21123ms] [ERROR] Failed to load resource: the server responded with a status of 424 (Failed Dependency) @ https://t.adx.opera.com/pub/sync?pubid=pub10101531197440&gdpr=1&gdpr_consent=:0
[   21637ms] [ERROR] Failed to load resource: net::ERR_HTTP2_SERVER_REFUSED_STREAM @ https://cs.admanmedia.com/73c1e1bfc3bde354d60b80e601ae3914.gif?puid=[UID]&redir=https%3A%2F%2Fonetag-sys.com%2Fmatch%2F%3Fint_id%3D164%26gdpr%3D1%26gdpr_consent%3D%26uid%3D%5BUID%5D&gdpr=1&gdpr_consent=&ccpa=&coppa=:0
[   18158ms] [ERROR] Failed to load resource: the server responded with a status of 424 (Failed Dependency) @ https://t.adx.opera.com/pub/sync?pubid=pub10101531197440&gdpr=1&gdpr_consent=:0
[   21123ms] [ERROR] Failed to load resource: the server responded with a status of 424 (Failed Dependency) @ https://t.adx.opera.com/pub/sync?pubid=pub10101531197440&gdpr=1&gdpr_consent=:0
[   21637ms] [ERROR] Failed to load resource: net::ERR_HTTP2_SERVER_REFUSED_STREAM @ https://cs.admanmedia.com/73c1e1bfc3bde354d60b80e601ae3914.gif?puid=[UID]&redir=https%3A%2F%2Fonetag-sys.com%2Fmatch%2F%3Fint_id%3D164%26gdpr%3D1%26gdpr_consent%3D%26uid%3D%5BUID%5D&gdpr=1&gdpr_consent=&ccpa=&coppa=:0
[   16912ms] [ERROR] Failed to load resource: net::ERR_NAME_NOT_RESOLVED @ https://cs.iqzone.com/570908b7e92df631fee32098aa272f7b.gif?puid=hTEO5GoOXYstrL9cSo7atg%3D%3D&gdpr=&gdpr_consent=&ccpa=&coppa=&redir=https%3A%2F%2Fssc-cms.33across.com%2Fps%2F%3Fxi%3D145%26ts%3D1779326347470.6%26us_privacy%3D%26xu%3D%5BUID%5D%26gpp_sid%3D%26gpp%3D:0
[   26369ms] [ERROR] Failed to load resource: net::ERR_SSL_PROTOCOL_ERROR @ https://usermatch.krxd.net/um/v2?partner=tapad:0
[   26637ms] [ERROR] Failed to load resource: net::ERR_SSL_PROTOCOL_ERROR @ https://usermatch.krxd.net/um/v2?partner=tapad:0
[   26954ms] [ERROR] Failed to load resource: the server responded with a status of 503 () @ https://csync.loopme.me/?pubid=11576&gdpr=&gdpr_consent=&us_privacy=&redirect=https%3A%2F%2Fsync.kueezrtb.com%2Fapi%2Fcookie%3FpartnerId%3Dkueez-loopme%26gdpr%3D%26gdpr_consent%3D%26us_privacy%3D%26userId%3D%7Bviewer_token%7D:0
[   16912ms] [ERROR] Failed to load resource: net::ERR_NAME_NOT_RESOLVED @ https://cs.iqzone.com/570908b7e92df631fee32098aa272f7b.gif?puid=hTEO5GoOXYstrL9cSo7atg%3D%3D&gdpr=&gdpr_consent=&ccpa=&coppa=&redir=https%3A%2F%2Fssc-cms.33across.com%2Fps%2F%3Fxi%3D145%26ts%3D1779326347470.6%26us_privacy%3D%26xu%3D%5BUID%5D%26gpp_sid%3D%26gpp%3D:0
[   26369ms] [ERROR] Failed to load resource: net::ERR_SSL_PROTOCOL_ERROR @ https://usermatch.krxd.net/um/v2?partner=tapad:0
[   26637ms] [ERROR] Failed to load resource: net::ERR_SSL_PROTOCOL_ERROR @ https://usermatch.krxd.net/um/v2?partner=tapad:0
[   18158ms] [ERROR] Failed to load resource: the server responded with a status of 424 (Failed Dependency) @ https://t.adx.opera.com/pub/sync?pubid=pub10101531197440&gdpr=1&gdpr_consent=:0
[   21123ms] [ERROR] Failed to load resource: the server responded with a status of 424 (Failed Dependency) @ https://t.adx.opera.com/pub/sync?pubid=pub10101531197440&gdpr=1&gdpr_consent=:0
[   21637ms] [ERROR] Failed to load resource: net::ERR_HTTP2_SERVER_REFUSED_STREAM @ https://cs.admanmedia.com/73c1e1bfc3bde354d60b80e601ae3914.gif?puid=[UID]&redir=https%3A%2F%2Fonetag-sys.com%2Fmatch%2F%3Fint_id%3D164%26gdpr%3D1%26gdpr_consent%3D%26uid%3D%5BUID%5D&gdpr=1&gdpr_consent=&ccpa=&coppa=:0
[   27044ms] [ERROR] Failed to load resource: the server responded with a status of 503 () @ https://csync.loopme.me/?pubid=14129&gdpr=&gdpr_consent=&us_privacy=&redirect=https%3A%2F%2Fsync.programmaticx.ai%2Fapi%2Fcookie%3FpartnerId%3Dprogx-loopme%26gdpr%3D%26gdpr_consent%3D%26us_privacy%3D%26userId%3D%7Bviewer_token%7D:0
[   27210ms] [ERROR] Failed to load resource: the server responded with a status of 503 () @ https://csync.loopme.me/?pubid=14129&gdpr=&gdpr_consent=&us_privacy=&redirect=https%3A%2F%2Fsync.programmaticx.ai%2Fapi%2Fcookie%3FpartnerId%3Dprogx-loopme%26gdpr%3D%26gdpr_consent%3D%26us_privacy%3D%26userId%3D%7Bviewer_token%7D:0
[   18158ms] [ERROR] Failed to load resource: the server responded with a status of 424 (Failed Dependency) @ https://t.adx.opera.com/pub/sync?pubid=pub10101531197440&gdpr=1&gdpr_consent=:0
[   21123ms] [ERROR] Failed to load resource: the server responded with a status of 424 (Failed Dependency) @ https://t.adx.opera.com/pub/sync?pubid=pub10101531197440&gdpr=1&gdpr_consent=:0
[   21637ms] [ERROR] Failed to load resource: net::ERR_HTTP2_SERVER_REFUSED_STREAM @ https://cs.admanmedia.com/73c1e1bfc3bde354d60b80e601ae3914.gif?puid=[UID]&redir=https%3A%2F%2Fonetag-sys.com%2Fmatch%2F%3Fint_id%3D164%26gdpr%3D1%26gdpr_consent%3D%26uid%3D%5BUID%5D&gdpr=1&gdpr_consent=&ccpa=&coppa=:0
[   16912ms] [ERROR] Failed to load resource: net::ERR_NAME_NOT_RESOLVED @ https://cs.iqzone.com/570908b7e92df631fee32098aa272f7b.gif?puid=hTEO5GoOXYstrL9cSo7atg%3D%3D&gdpr=&gdpr_consent=&ccpa=&coppa=&redir=https%3A%2F%2Fssc-cms.33across.com%2Fps%2F%3Fxi%3D145%26ts%3D1779326347470.6%26us_privacy%3D%26xu%3D%5BUID%5D%26gpp_sid%3D%26gpp%3D:0
[   26369ms] [ERROR] Failed to load resource: net::ERR_SSL_PROTOCOL_ERROR @ https://usermatch.krxd.net/um/v2?partner=tapad:0
[   26637ms] [ERROR] Failed to load resource: net::ERR_SSL_PROTOCOL_ERROR @ https://usermatch.krxd.net/um/v2?partner=tapad:0
[   27686ms] [ERROR] Failed to load resource: the server responded with a status of 400 () @ https://ssum-sec.casalemedia.com/usermatch?s=194558&cb=https%3A%2F%2Fu-ams.4dex.io%2Fsetuid%3Fbidder%3Dindexexchange%26it%3Dortb%26uid%3D:0
[   18158ms] [ERROR] Failed to load resource: the server responded with a status of 424 (Failed Dependency) @ https://t.adx.opera.com/pub/sync?pubid=pub10101531197440&gdpr=1&gdpr_consent=:0
[   21123ms] [ERROR] Failed to load resource: the server responded with a status of 424 (Failed Dependency) @ https://t.adx.opera.com/pub/sync?pubid=pub10101531197440&gdpr=1&gdpr_consent=:0
[   21637ms] [ERROR] Failed to load resource: net::ERR_HTTP2_SERVER_REFUSED_STREAM @ https://cs.admanmedia.com/73c1e1bfc3bde354d60b80e601ae3914.gif?puid=[UID]&redir=https%3A%2F%2Fonetag-sys.com%2Fmatch%2F%3Fint_id%3D164%26gdpr%3D1%26gdpr_consent%3D%26uid%3D%5BUID%5D&gdpr=1&gdpr_consent=&ccpa=&coppa=:0
[   16912ms] [ERROR] Failed to load resource: net::ERR_NAME_NOT_RESOLVED @ https://cs.iqzone.com/570908b7e92df631fee32098aa272f7b.gif?puid=hTEO5GoOXYstrL9cSo7atg%3D%3D&gdpr=&gdpr_consent=&ccpa=&coppa=&redir=https%3A%2F%2Fssc-cms.33across.com%2Fps%2F%3Fxi%3D145%26ts%3D1779326347470.6%26us_privacy%3D%26xu%3D%5BUID%5D%26gpp_sid%3D%26gpp%3D:0
[   26369ms] [ERROR] Failed to load resource: net::ERR_SSL_PROTOCOL_ERROR @ https://usermatch.krxd.net/um/v2?partner=tapad:0
[   26637ms] [ERROR] Failed to load resource: net::ERR_SSL_PROTOCOL_ERROR @ https://usermatch.krxd.net/um/v2?partner=tapad:0
[   22272ms] [ERROR] Failed to load resource: the server responded with a status of 400 () @ https://eb2.3lift.com/getuid?gdpr=0&gdpr_consent=&redir=https%3A%2F%2Fvisitor.us-west1.gcp.omnitagjs.com%2Fvisitor%2Fsync%3Fgdpr%3D0%26gdpr_consent%3D%26is_cookie_sync_uid%3D1%26name%3DTRIPLELIFT_cookie_sync%26ttl%3D720%26uid%3D771bebe2d6221e9ca65e16ebf8d2f6f3%26visitor%3D%24UID:0
[   22459ms] [ERROR] Failed to load resource: the server responded with a status of 400 () @ https://eb2.3lift.com/getuid?gdpr=0&gdpr_consent=&redir=https%3A%2F%2Fvisitor.us-west1.gcp.omnitagjs.com%2Fvisitor%2Fsync%3Fgdpr%3D0%26gdpr_consent%3D%26is_cookie_sync_uid%3D1%26name%3DTRIPLELIFT_cookie_sync%26ttl%3D720%26uid%3D771bebe2d6221e9ca65e16ebf8d2f6f3%26visitor%3D%24UID:0
[   22272ms] [ERROR] Failed to load resource: the server responded with a status of 400 () @ https://eb2.3lift.com/getuid?gdpr=0&gdpr_consent=&redir=https%3A%2F%2Fvisitor.us-west1.gcp.omnitagjs.com%2Fvisitor%2Fsync%3Fgdpr%3D0%26gdpr_consent%3D%26is_cookie_sync_uid%3D1%26name%3DTRIPLELIFT_cookie_sync%26ttl%3D720%26uid%3D771bebe2d6221e9ca65e16ebf8d2f6f3%26visitor%3D%24UID:0
[   22459ms] [ERROR] Failed to load resource: the server responded with a status of 400 () @ https://eb2.3lift.com/getuid?gdpr=0&gdpr_consent=&redir=https%3A%2F%2Fvisitor.us-west1.gcp.omnitagjs.com%2Fvisitor%2Fsync%3Fgdpr%3D0%26gdpr_consent%3D%26is_cookie_sync_uid%3D1%26name%3DTRIPLELIFT_cookie_sync%26ttl%3D720%26uid%3D771bebe2d6221e9ca65e16ebf8d2f6f3%26visitor%3D%24UID:0
[   20985ms] [ERROR] Failed to load resource: the server responded with a status of 400 () @ https://match.prod.bidr.io/cookie-sync/ox?gdpr=0&gdpr_consent=%5BGDPR_CONSENT%5D:0
[   20985ms] [ERROR] Failed to load resource: the server responded with a status of 400 () @ https://match.prod.bidr.io/cookie-sync/ox?gdpr=0&gdpr_consent=%5BGDPR_CONSENT%5D:0
[   22272ms] [ERROR] Failed to load resource: the server responded with a status of 400 () @ https://eb2.3lift.com/getuid?gdpr=0&gdpr_consent=&redir=https%3A%2F%2Fvisitor.us-west1.gcp.omnitagjs.com%2Fvisitor%2Fsync%3Fgdpr%3D0%26gdpr_consent%3D%26is_cookie_sync_uid%3D1%26name%3DTRIPLELIFT_cookie_sync%26ttl%3D720%26uid%3D771bebe2d6221e9ca65e16ebf8d2f6f3%26visitor%3D%24UID:0
[   22459ms] [ERROR] Failed to load resource: the server responded with a status of 400 () @ https://eb2.3lift.com/getuid?gdpr=0&gdpr_consent=&redir=https%3A%2F%2Fvisitor.us-west1.gcp.omnitagjs.com%2Fvisitor%2Fsync%3Fgdpr%3D0%26gdpr_consent%3D%26is_cookie_sync_uid%3D1%26name%3DTRIPLELIFT_cookie_sync%26ttl%3D720%26uid%3D771bebe2d6221e9ca65e16ebf8d2f6f3%26visitor%3D%24UID:0
[   20985ms] [ERROR] Failed to load resource: the server responded with a status of 400 () @ https://match.prod.bidr.io/cookie-sync/ox?gdpr=0&gdpr_consent=%5BGDPR_CONSENT%5D:0
[   20985ms] [ERROR] Failed to load resource: the server responded with a status of 400 () @ https://match.prod.bidr.io/cookie-sync/ox?gdpr=0&gdpr_consent=%5BGDPR_CONSENT%5D:0
[   20985ms] [ERROR] Failed to load resource: the server responded with a status of 400 () @ https://match.prod.bidr.io/cookie-sync/ox?gdpr=0&gdpr_consent=%5BGDPR_CONSENT%5D:0
[   22272ms] [ERROR] Failed to load resource: the server responded with a status of 400 () @ https://eb2.3lift.com/getuid?gdpr=0&gdpr_consent=&redir=https%3A%2F%2Fvisitor.us-west1.gcp.omnitagjs.com%2Fvisitor%2Fsync%3Fgdpr%3D0%26gdpr_consent%3D%26is_cookie_sync_uid%3D1%26name%3DTRIPLELIFT_cookie_sync%26ttl%3D720%26uid%3D771bebe2d6221e9ca65e16ebf8d2f6f3%26visitor%3D%24UID:0
[   22459ms] [ERROR] Failed to load resource: the server responded with a status of 400 () @ https://eb2.3lift.com/getuid?gdpr=0&gdpr_consent=&redir=https%3A%2F%2Fvisitor.us-west1.gcp.omnitagjs.com%2Fvisitor%2Fsync%3Fgdpr%3D0%26gdpr_consent%3D%26is_cookie_sync_uid%3D1%26name%3DTRIPLELIFT_cookie_sync%26ttl%3D720%26uid%3D771bebe2d6221e9ca65e16ebf8d2f6f3%26visitor%3D%24UID:0
[   20985ms] [ERROR] Failed to load resource: the server responded with a status of 400 () @ https://match.prod.bidr.io/cookie-sync/ox?gdpr=0&gdpr_consent=%5BGDPR_CONSENT%5D:0
[   20985ms] [ERROR] Failed to load resource: the server responded with a status of 400 () @ https://match.prod.bidr.io/cookie-sync/ox?gdpr=0&gdpr_consent=%5BGDPR_CONSENT%5D:0
[   20985ms] [ERROR] Failed to load resource: the server responded with a status of 400 () @ https://match.prod.bidr.io/cookie-sync/ox?gdpr=0&gdpr_consent=%5BGDPR_CONSENT%5D:0
[   20985ms] [ERROR] Failed to load resource: the server responded with a status of 400 () @ https://match.prod.bidr.io/cookie-sync/ox?gdpr=0&gdpr_consent=%5BGDPR_CONSENT%5D:0
[   20985ms] [ERROR] Failed to load resource: the server responded with a status of 400 () @ https://match.prod.bidr.io/cookie-sync/ox?gdpr=0&gdpr_consent=%5BGDPR_CONSENT%5D:0
[   27965ms] [ERROR] Failed to load resource: the server responded with a status of 503 () @ https://csync.loopme.me/?pubid=11002&redirect=https%3A%2F%2Feb2.3lift.com%2Fxuid%3Fmid%3D6126%26xuid%3D%7Bdevice_id%7D%26dongle%3D9e4f%26gdpr=0%26gdpr_consent=:0
[   20985ms] [ERROR] Failed to load resource: the server responded with a status of 400 () @ https://match.prod.bidr.io/cookie-sync/ox?gdpr=0&gdpr_consent=%5BGDPR_CONSENT%5D:0
[   20985ms] [ERROR] Failed to load resource: the server responded with a status of 400 () @ https://match.prod.bidr.io/cookie-sync/ox?gdpr=0&gdpr_consent=%5BGDPR_CONSENT%5D:0
[   18158ms] [ERROR] Failed to load resource: the server responded with a status of 424 (Failed Dependency) @ https://t.adx.opera.com/pub/sync?pubid=pub10101531197440&gdpr=1&gdpr_consent=:0
[   21123ms] [ERROR] Failed to load resource: the server responded with a status of 424 (Failed Dependency) @ https://t.adx.opera.com/pub/sync?pubid=pub10101531197440&gdpr=1&gdpr_consent=:0
[   21637ms] [ERROR] Failed to load resource: net::ERR_HTTP2_SERVER_REFUSED_STREAM @ https://cs.admanmedia.com/73c1e1bfc3bde354d60b80e601ae3914.gif?puid=[UID]&redir=https%3A%2F%2Fonetag-sys.com%2Fmatch%2F%3Fint_id%3D164%26gdpr%3D1%26gdpr_consent%3D%26uid%3D%5BUID%5D&gdpr=1&gdpr_consent=&ccpa=&coppa=:0
[   16912ms] [ERROR] Failed to load resource: net::ERR_NAME_NOT_RESOLVED @ https://cs.iqzone.com/570908b7e92df631fee32098aa272f7b.gif?puid=hTEO5GoOXYstrL9cSo7atg%3D%3D&gdpr=&gdpr_consent=&ccpa=&coppa=&redir=https%3A%2F%2Fssc-cms.33across.com%2Fps%2F%3Fxi%3D145%26ts%3D1779326347470.6%26us_privacy%3D%26xu%3D%5BUID%5D%26gpp_sid%3D%26gpp%3D:0
[   26369ms] [ERROR] Failed to load resource: net::ERR_SSL_PROTOCOL_ERROR @ https://usermatch.krxd.net/um/v2?partner=tapad:0
[   26637ms] [ERROR] Failed to load resource: net::ERR_SSL_PROTOCOL_ERROR @ https://usermatch.krxd.net/um/v2?partner=tapad:0
[   18158ms] [ERROR] Failed to load resource: the server responded with a status of 424 (Failed Dependency) @ https://t.adx.opera.com/pub/sync?pubid=pub10101531197440&gdpr=1&gdpr_consent=:0
[   21123ms] [ERROR] Failed to load resource: the server responded with a status of 424 (Failed Dependency) @ https://t.adx.opera.com/pub/sync?pubid=pub10101531197440&gdpr=1&gdpr_consent=:0
[   21637ms] [ERROR] Failed to load resource: net::ERR_HTTP2_SERVER_REFUSED_STREAM @ https://cs.admanmedia.com/73c1e1bfc3bde354d60b80e601ae3914.gif?puid=[UID]&redir=https%3A%2F%2Fonetag-sys.com%2Fmatch%2F%3Fint_id%3D164%26gdpr%3D1%26gdpr_consent%3D%26uid%3D%5BUID%5D&gdpr=1&gdpr_consent=&ccpa=&coppa=:0
[   16912ms] [ERROR] Failed to load resource: net::ERR_NAME_NOT_RESOLVED @ https://cs.iqzone.com/570908b7e92df631fee32098aa272f7b.gif?puid=hTEO5GoOXYstrL9cSo7atg%3D%3D&gdpr=&gdpr_consent=&ccpa=&coppa=&redir=https%3A%2F%2Fssc-cms.33across.com%2Fps%2F%3Fxi%3D145%26ts%3D1779326347470.6%26us_privacy%3D%26xu%3D%5BUID%5D%26gpp_sid%3D%26gpp%3D:0
[   26369ms] [ERROR] Failed to load resource: net::ERR_SSL_PROTOCOL_ERROR @ https://usermatch.krxd.net/um/v2?partner=tapad:0
[   26637ms] [ERROR] Failed to load resource: net::ERR_SSL_PROTOCOL_ERROR @ https://usermatch.krxd.net/um/v2?partner=tapad:0
[   29396ms] [ERROR] Failed to load resource: net::ERR_CERT_DATE_INVALID @ https://ws.rqtrk.eu/pushpull?pid=6b6d3924-92d3-4998-bf20-3f75688546c0&dmp=6b6d3924-92d3-4998-bf20-3f75688546c0&uid=2W8NxcimIk5Vgk96WR3ftCxvZwnhYZDuWGzsIu9SyohQ&cb=1779326361&src=www&type=100&return-unstable=true&g=1&redirect=https%3A%2F%2Fps.eyeota.net%2Fmatch%3Fbid%3Dm5ri0ru%26uid%3D%24BROWSER_ID:0
[   33583ms] [ERROR] Failed to load resource: net::ERR_CONNECTION_TIMED_OUT @ https://dmp.adblade.com/srv/sync/gateway/?cId=Medianet;__src=adblade:0
[   20362ms] [ERROR] Failed to load resource: net::ERR_TOO_MANY_REDIRECTS @ https://su.semasio.net/sync/1/23854281?sExtCookieId=ID5-8e1fOFYFtPWItrt_F9J30flZbW-LTCsCg-TX5NrqkA&sInitiator=internal&gdpr=0&gdpr_consent=:0
[   20362ms] [ERROR] Failed to load resource: net::ERR_TOO_MANY_REDIRECTS @ https://su.semasio.net/sync/1/23854281?sExtCookieId=ID5-8e1fOFYFtPWItrt_F9J30flZbW-LTCsCg-TX5NrqkA&sInitiator=internal&gdpr=0&gdpr_consent=:0
[   20362ms] [ERROR] Failed to load resource: net::ERR_TOO_MANY_REDIRECTS @ https://su.semasio.net/sync/1/23854281?sExtCookieId=ID5-8e1fOFYFtPWItrt_F9J30flZbW-LTCsCg-TX5NrqkA&sInitiator=internal&gdpr=0&gdpr_consent=:0
[   20362ms] [ERROR] Failed to load resource: net::ERR_TOO_MANY_REDIRECTS @ https://su.semasio.net/sync/1/23854281?sExtCookieId=ID5-8e1fOFYFtPWItrt_F9J30flZbW-LTCsCg-TX5NrqkA&sInitiator=internal&gdpr=0&gdpr_consent=:0
[   11425ms] [ERROR] Failed to load resource: the server responded with a status of 404 () @ https://ib.adnxs.com/gdpr=0&gdpr_consent=&us_privacy=1---:0
[   20362ms] [ERROR] Failed to load resource: net::ERR_TOO_MANY_REDIRECTS @ https://su.semasio.net/sync/1/23854281?sExtCookieId=ID5-8e1fOFYFtPWItrt_F9J30flZbW-LTCsCg-TX5NrqkA&sInitiator=internal&gdpr=0&gdpr_consent=:0
[   39561ms] [ERROR] Failed to load resource: the server responded with a status of 404 () @ https://pixel.quantserve.com/seg/r;a=p-T1mksRPv1rGRh;rand=-1654575497728435215;redirecturl=https%3A%2F%2Frtd-tm.everesttech.net%2Fupi%2Fextseg%2Fpid%2FPYUnd1ve%3Fsid%3D!qcsegs:0
[   39562ms] [ERROR] Failed to load resource: the server responded with a status of 404 () @ https://pixel.quantserve.com/seg/r;a=p-T1mksRPv1rGRh;rand=-8606083400136839893;redirecturl=https%3A%2F%2Frtd-tm.everesttech.net%2Fupi%2Fextseg%2Fpid%2FPYUnd1ve%3Fsid%3D!qcsegs:0
[   39562ms] [ERROR] Failed to load resource: net::ERR_NAME_NOT_RESOLVED @ https://s.thebrighttag.com/cs?tp=0WCbX0j&uid=ag5dhAAAAUrh-wAO:0
[   39563ms] [ERROR] Failed to load resource: net::ERR_NAME_NOT_RESOLVED @ https://sync.tidaltv.com/GenericUserSync.ashx?dpid=3129&id=ag5dhAAAAUrh-wAO:0
[   39581ms] [ERROR] Failed to load resource: net::ERR_NAME_NOT_RESOLVED @ https://sync.search.spotxchange.com/partner?adv_id=6409&uid=ag5dhAAAAUrh-wAO&img=1&gdpr=0&gdpr_consent=:0
[   39612ms] [ERROR] Failed to load resource: net::ERR_NAME_NOT_RESOLVED @ https://cs.vdopia.com/bid?advid=1583&bcid=ag5dhAAAAUrh-wAO:0
[   39653ms] [ERROR] Failed to load resource: the server responded with a status of 404 () @ https://pixel.quantserve.com/seg/r;a=p-T1mksRPv1rGRh;rand=-5482928786813123749;redirecturl=https%3A%2F%2Frtd-tm.everesttech.net%2Fupi%2Fextseg%2Fpid%2FPYUnd1ve%3Fsid%3D!qcsegs:0
[   39719ms] [ERROR] Failed to load resource: net::ERR_NAME_NOT_RESOLVED @ https://sync.tidaltv.com/GenericUserSync.ashx?dpid=3129&id=ag5dhAAAAUrh-wAO:0
[   39720ms] [ERROR] Failed to load resource: net::ERR_NAME_NOT_RESOLVED @ https://cs.vdopia.com/bid?advid=1583&bcid=ag5dhAAAAUrh-wAO:0
[   39720ms] [ERROR] Failed to load resource: net::ERR_NAME_NOT_RESOLVED @ https://s.thebrighttag.com/cs?tp=0WCbX0j&uid=ag5dhAAAAUrh-wAO:0
[   39755ms] [ERROR] Failed to load resource: net::ERR_NAME_NOT_RESOLVED @ https://sync.search.spotxchange.com/partner?adv_id=6409&uid=ag5dhAAAAUrh-wAO&img=1&gdpr=0&gdpr_consent=:0
[   40004ms] [ERROR] Failed to load resource: net::ERR_NAME_NOT_RESOLVED @ https://sync.tidaltv.com/GenericUserSync.ashx?dpid=3129&id=ag5dhAAAAUrh-wAO:0
[   40004ms] [ERROR] Failed to load resource: net::ERR_NAME_NOT_RESOLVED @ https://cs.vdopia.com/bid?advid=1583&bcid=ag5dhAAAAUrh-wAO:0
[   40004ms] [ERROR] Failed to load resource: net::ERR_NAME_NOT_RESOLVED @ https://s.thebrighttag.com/cs?tp=0WCbX0j&uid=ag5dhAAAAUrh-wAO:0
[   20362ms] [ERROR] Failed to load resource: net::ERR_TOO_MANY_REDIRECTS @ https://su.semasio.net/sync/1/23854281?sExtCookieId=ID5-8e1fOFYFtPWItrt_F9J30flZbW-LTCsCg-TX5NrqkA&sInitiator=internal&gdpr=0&gdpr_consent=:0
[   40058ms] [ERROR] Failed to load resource: net::ERR_NAME_NOT_RESOLVED @ https://sync.search.spotxchange.com/partner?adv_id=6409&uid=ag5dhAAAAUrh-wAO&img=1&gdpr=0&gdpr_consent=:0
[   40084ms] [ERROR] Listener added for a 'DOMNodeInserted' mutation event. Support for this event type has been removed, and this event will no longer be fired. See https://chromestatus.com/feature/5083947249172480 for more information. @ :0
[   40090ms] [ERROR] Listener added for a 'DOMNodeInserted' mutation event. Support for this event type has been removed, and this event will no longer be fired. See https://chromestatus.com/feature/5083947249172480 for more information. @ :0
[   20985ms] [ERROR] Failed to load resource: the server responded with a status of 400 () @ https://match.prod.bidr.io/cookie-sync/ox?gdpr=0&gdpr_consent=%5BGDPR_CONSENT%5D:0
[   18158ms] [ERROR] Failed to load resource: the server responded with a status of 424 (Failed Dependency) @ https://t.adx.opera.com/pub/sync?pubid=pub10101531197440&gdpr=1&gdpr_consent=:0
[   21123ms] [ERROR] Failed to load resource: the server responded with a status of 424 (Failed Dependency) @ https://t.adx.opera.com/pub/sync?pubid=pub10101531197440&gdpr=1&gdpr_consent=:0
[   21637ms] [ERROR] Failed to load resource: net::ERR_HTTP2_SERVER_REFUSED_STREAM @ https://cs.admanmedia.com/73c1e1bfc3bde354d60b80e601ae3914.gif?puid=[UID]&redir=https%3A%2F%2Fonetag-sys.com%2Fmatch%2F%3Fint_id%3D164%26gdpr%3D1%26gdpr_consent%3D%26uid%3D%5BUID%5D&gdpr=1&gdpr_consent=&ccpa=&coppa=:0
[   17496ms] [ERROR] Failed to load resource: the server responded with a status of 400 (Bad Request) @ https://sync.e-volution.ai/a184e2218ea9f18e32c70fb304405e72.gif?puid=ID5-5-b283f604-c543-4211-bade-151ff0cb53ce&redir=https%3A%2F%2Fsync.inmobi.com%2Fsetuid%3FbidderID%3D957%26dspUserId%3D%5BUID%5D&gdpr=0&gdpr_consent=:0
[   21409ms] [ERROR] Failed to load resource: net::ERR_HTTP2_SERVER_REFUSED_STREAM @ https://cs.admanmedia.com/f6840be316cff8120b331878d1e34728.gif?puid=19f4452dce4b69e1dd45e30f&gdpr=[GDPR]&gdpr_consent=[GDPR_CONSENT]&ccpa=[CCPA]&coppa=[COPPA]:0
[   20362ms] [ERROR] Failed to load resource: net::ERR_TOO_MANY_REDIRECTS @ https://su.semasio.net/sync/1/23854281?sExtCookieId=ID5-8e1fOFYFtPWItrt_F9J30flZbW-LTCsCg-TX5NrqkA&sInitiator=internal&gdpr=0&gdpr_consent=:0
[   40336ms] [ERROR] Failed to load resource: the server responded with a status of 404 () @ https://cs.krushmedia.com/4831fbf13dd518a56346a6e0ec8ba9d5.gif?puid=ID5-5-b283f604-c543-4211-bade-151ff0cb53ce&redir=https%3A%2F%2Fsync.inmobi.com%2Fsetuid%3FbidderID%3D1315%26dspUserId%3D%5BUID%5D&gdpr=0&gdpr_consent=:0
[   40398ms] [ERROR] Failed to load resource: the server responded with a status of 400 (Bad Request) @ https://sync.e-volution.ai/a184e2218ea9f18e32c70fb304405e72.gif?puid=ID5-5-b283f604-c543-4211-bade-151ff0cb53ce&redir=https%3A%2F%2Fsync.inmobi.com%2Fsetuid%3FbidderID%3D957%26dspUserId%3D%5BUID%5D&gdpr=0&gdpr_consent=:0
[   17496ms] [ERROR] Failed to load resource: the server responded with a status of 400 (Bad Request) @ https://sync.e-volution.ai/a184e2218ea9f18e32c70fb304405e72.gif?puid=ID5-5-b283f604-c543-4211-bade-151ff0cb53ce&redir=https%3A%2F%2Fsync.inmobi.com%2Fsetuid%3FbidderID%3D957%26dspUserId%3D%5BUID%5D&gdpr=0&gdpr_consent=:0
[   21409ms] [ERROR] Failed to load resource: net::ERR_HTTP2_SERVER_REFUSED_STREAM @ https://cs.admanmedia.com/f6840be316cff8120b331878d1e34728.gif?puid=19f4452dce4b69e1dd45e30f&gdpr=[GDPR]&gdpr_consent=[GDPR_CONSENT]&ccpa=[CCPA]&coppa=[COPPA]:0
[   40336ms] [ERROR] Failed to load resource: the server responded with a status of 404 () @ https://cs.krushmedia.com/4831fbf13dd518a56346a6e0ec8ba9d5.gif?puid=ID5-5-b283f604-c543-4211-bade-151ff0cb53ce&redir=https%3A%2F%2Fsync.inmobi.com%2Fsetuid%3FbidderID%3D1315%26dspUserId%3D%5BUID%5D&gdpr=0&gdpr_consent=:0
[   40398ms] [ERROR] Failed to load resource: the server responded with a status of 400 (Bad Request) @ https://sync.e-volution.ai/a184e2218ea9f18e32c70fb304405e72.gif?puid=ID5-5-b283f604-c543-4211-bade-151ff0cb53ce&redir=https%3A%2F%2Fsync.inmobi.com%2Fsetuid%3FbidderID%3D957%26dspUserId%3D%5BUID%5D&gdpr=0&gdpr_consent=:0
[   40454ms] [ERROR] Failed to load resource: the server responded with a status of 404 () @ https://pixel.quantserve.com/seg/r;a=p-T1mksRPv1rGRh;rand=7279472148650795116;redirecturl=https%3A%2F%2Frtd-tm.everesttech.net%2Fupi%2Fextseg%2Fpid%2FPYUnd1ve%3Fsid%3D!qcsegs:0
[   17496ms] [ERROR] Failed to load resource: the server responded with a status of 400 (Bad Request) @ https://sync.e-volution.ai/a184e2218ea9f18e32c70fb304405e72.gif?puid=ID5-5-b283f604-c543-4211-bade-151ff0cb53ce&redir=https%3A%2F%2Fsync.inmobi.com%2Fsetuid%3FbidderID%3D957%26dspUserId%3D%5BUID%5D&gdpr=0&gdpr_consent=:0
[   21409ms] [ERROR] Failed to load resource: net::ERR_HTTP2_SERVER_REFUSED_STREAM @ https://cs.admanmedia.com/f6840be316cff8120b331878d1e34728.gif?puid=19f4452dce4b69e1dd45e30f&gdpr=[GDPR]&gdpr_consent=[GDPR_CONSENT]&ccpa=[CCPA]&coppa=[COPPA]:0
[   40336ms] [ERROR] Failed to load resource: the server responded with a status of 404 () @ https://cs.krushmedia.com/4831fbf13dd518a56346a6e0ec8ba9d5.gif?puid=ID5-5-b283f604-c543-4211-bade-151ff0cb53ce&redir=https%3A%2F%2Fsync.inmobi.com%2Fsetuid%3FbidderID%3D1315%26dspUserId%3D%5BUID%5D&gdpr=0&gdpr_consent=:0
[   40398ms] [ERROR] Failed to load resource: the server responded with a status of 400 (Bad Request) @ https://sync.e-volution.ai/a184e2218ea9f18e32c70fb304405e72.gif?puid=ID5-5-b283f604-c543-4211-bade-151ff0cb53ce&redir=https%3A%2F%2Fsync.inmobi.com%2Fsetuid%3FbidderID%3D957%26dspUserId%3D%5BUID%5D&gdpr=0&gdpr_consent=:0
[   40572ms] [ERROR] Failed to load resource: net::ERR_NAME_NOT_RESOLVED @ https://s.thebrighttag.com/cs?tp=0WCbX0j&uid=ag5dhAAAAUrh-wAO:0
[   40572ms] [ERROR] Failed to load resource: net::ERR_NAME_NOT_RESOLVED @ https://cs.vdopia.com/bid?advid=1583&bcid=ag5dhAAAAUrh-wAO:0
[   40573ms] [ERROR] Failed to load resource: net::ERR_NAME_NOT_RESOLVED @ https://sync.tidaltv.com/GenericUserSync.ashx?dpid=3129&id=ag5dhAAAAUrh-wAO:0
[   40573ms] [ERROR] Failed to load resource: net::ERR_NAME_NOT_RESOLVED @ https://sync.search.spotxchange.com/partner?adv_id=6409&uid=ag5dhAAAAUrh-wAO&img=1&gdpr=0&gdpr_consent=:0
[   20362ms] [ERROR] Failed to load resource: net::ERR_TOO_MANY_REDIRECTS @ https://su.semasio.net/sync/1/23854281?sExtCookieId=ID5-8e1fOFYFtPWItrt_F9J30flZbW-LTCsCg-TX5NrqkA&sInitiator=internal&gdpr=0&gdpr_consent=:0
[   40649ms] [LOG] Called iframe: ads.pubmatic.com [] 
Number of topics:  0 @ https://ads.pubmatic.com/AdServer/js/topics/topics_frame.html?bidder=pubmatic:19
[   40766ms] [ERROR] Listener added for a 'DOMNodeInserted' mutation event. Support for this event type has been removed, and this event will no longer be fired. See https://chromestatus.com/feature/5083947249172480 for more information. @ :0
[   20985ms] [ERROR] Failed to load resource: the server responded with a status of 400 () @ https://match.prod.bidr.io/cookie-sync/ox?gdpr=0&gdpr_consent=%5BGDPR_CONSENT%5D:0
[   41033ms] [LOG] Called iframe: pa.openx.net [] 
Number of topics:  0 @ https://pa.openx.net/topics_frame.html?bidder=openx:15
[   20362ms] [ERROR] Failed to load resource: net::ERR_TOO_MANY_REDIRECTS @ https://su.semasio.net/sync/1/23854281?sExtCookieId=ID5-8e1fOFYFtPWItrt_F9J30flZbW-LTCsCg-TX5NrqkA&sInitiator=internal&gdpr=0&gdpr_consent=:0
[   41937ms] [WARNING] An iframe which has both allow-scripts and allow-same-origin for its sandbox attribute can escape its sandboxing. @ https://cadmus.script.ac/d1oykxszdrgjgl/script.js:0
[   11425ms] [ERROR] Failed to load resource: the server responded with a status of 404 () @ https://ib.adnxs.com/gdpr=0&gdpr_consent=&us_privacy=1---:0
[   20985ms] [ERROR] Failed to load resource: the server responded with a status of 400 () @ https://match.prod.bidr.io/cookie-sync/ox?gdpr=0&gdpr_consent=%5BGDPR_CONSENT%5D:0
[   26223ms] [ERROR] Failed to load resource: the server responded with a status of 400 () @ https://eb2.3lift.com/xuid?idenv=:0
[   27965ms] [ERROR] Failed to load resource: the server responded with a status of 503 () @ https://csync.loopme.me/?pubid=11002&redirect=https%3A%2F%2Feb2.3lift.com%2Fxuid%3Fmid%3D6126%26xuid%3D%7Bdevice_id%7D%26dongle%3D9e4f%26gdpr=0%26gdpr_consent=:0
[   42083ms] [ERROR] Failed to load resource: the server responded with a status of 400 () @ https://ups.analytics.yahoo.com/ups/58813/fed?gpp_sid=-1&v=1&url=https%3A%2F%2Foptifine.net%2Fadloadx:0
[   42117ms] [WARNING] Google Deploy of the SharedId library has been deprecated. Please select another option in the GAM UI. If you use Prebid, we suggest the Prebid.js UserId option. If you do not, you may configure GAM to allow Google to share a first party user identifier with OB and AB participants, which is either the publisherProvidedId or the __gads value when that is missing. @ https://cdn.jsdelivr.net/gh/prebid/shared-id/pubcid.js/docs/pubcid.min.js:0
[   11425ms] [ERROR] Failed to load resource: the server responded with a status of 404 () @ https://ib.adnxs.com/gdpr=0&gdpr_consent=&us_privacy=1---:0
[   20362ms] [ERROR] Failed to load resource: net::ERR_TOO_MANY_REDIRECTS @ https://su.semasio.net/sync/1/23854281?sExtCookieId=ID5-8e1fOFYFtPWItrt_F9J30flZbW-LTCsCg-TX5NrqkA&sInitiator=internal&gdpr=0&gdpr_consent=:0
[   26223ms] [ERROR] Failed to load resource: the server responded with a status of 400 () @ https://eb2.3lift.com/xuid?idenv=:0
[   27965ms] [ERROR] Failed to load resource: the server responded with a status of 503 () @ https://csync.loopme.me/?pubid=11002&redirect=https%3A%2F%2Feb2.3lift.com%2Fxuid%3Fmid%3D6126%26xuid%3D%7Bdevice_id%7D%26dongle%3D9e4f%26gdpr=0%26gdpr_consent=:0
[   20985ms] [ERROR] Failed to load resource: the server responded with a status of 400 () @ https://match.prod.bidr.io/cookie-sync/ox?gdpr=0&gdpr_consent=%5BGDPR_CONSENT%5D:0
[   20985ms] [ERROR] Failed to load resource: the server responded with a status of 400 () @ https://match.prod.bidr.io/cookie-sync/ox?gdpr=0&gdpr_consent=%5BGDPR_CONSENT%5D:0
[   20985ms] [ERROR] Failed to load resource: the server responded with a status of 400 () @ https://match.prod.bidr.io/cookie-sync/ox?gdpr=0&gdpr_consent=%5BGDPR_CONSENT%5D:0
[   20985ms] [ERROR] Failed to load resource: the server responded with a status of 400 () @ https://match.prod.bidr.io/cookie-sync/ox?gdpr=0&gdpr_consent=%5BGDPR_CONSENT%5D:0
[   20985ms] [ERROR] Failed to load resource: the server responded with a status of 400 () @ https://match.prod.bidr.io/cookie-sync/ox?gdpr=0&gdpr_consent=%5BGDPR_CONSENT%5D:0
[   44053ms] [ERROR] Failed to load resource: the server responded with a status of 404 (Not Found) @ https://csync.copper6.com/fbd260923f6815f04a34938c00400dd6.gif?gdpr=0&gdpr_consent=[GDPR_CONSENT]&redir=https%3A%2F%2Fs.ad.smaato.net%2Fc%2F%3FdspId%3D1248%26dspCookie%3D%5BUID%5D%26gdpr%3D0%26gdpr_consent%3D[GDPR_CONSENT]:0
[   50903ms] [ERROR] Failed to load resource: net::ERR_CONNECTION_TIMED_OUT @ https://ads.stickyadstv.com/user-registering?dataProviderId=187&userId=ag5dhAAAAUrh-wAO&gdpr=0&gdpr_consent=&redirectId=-1:0
[   51154ms] [ERROR] Failed to load resource: net::ERR_CONNECTION_TIMED_OUT @ https://ads.stickyadstv.com/user-registering?dataProviderId=187&userId=ag5dhAAAAUrh-wAO&gdpr=0&gdpr_consent=:0
[   51998ms] [ERROR] Failed to load resource: net::ERR_CONNECTION_TIMED_OUT @ https://ads.stickyadstv.com/user-registering?dataProviderId=187&userId=ag5dhAAAAUrh-wAO&gdpr=0&gdpr_consent=&redirectId=-1:0
